2026-01-06 15:15:04 | ETH_USDT | 价格: $3232.61 | 信号: BUY | 理由: 确认做多！数据库发出BUY信号，技术无反对: 数据库(BUY/⚡ ETH 4连多 + BTC 2/3连多（强势延续）), 技术(BUY/上涨趋势 (ADX=33.56, +DI=29.63 > -DI=11.48): MACD加速上涨 0.3785 > 0.3257)
2026-01-06 15:16:26 | ETH_USDT | 价格: $3233.62 | 信号: BUY | 理由: 确认做多！数据库发出BUY信号，技术无反对: 数据库(BUY/⚡ ETH 4连多 + BTC 2/3连多（强势延续）), 技术(BUY/上涨趋势 (ADX=33.56, +DI=29.49 > -DI=11.43): MACD加速上涨 0.4492 > 0.3398)
2026-01-06 15:17:39 | ETH_USDT | 价格: $3232.95 | 信号: BUY | 理由: 确认做多！数据库发出BUY信号，技术无反对: 数据库(BUY/⚡ ETH 4连多 + BTC 2/3连多（强势延续）), 技术(BUY/上涨趋势 (ADX=33.56, +DI=29.49 > -DI=11.43): MACD加速上涨 0.4100 > 0.3320)
2026-01-06 15:18:52 | ETH_USDT | 价格: $3231.76 | 信号: BUY | 理由: 确认做多！数据库发出BUY信号，技术无反对: 数据库(BUY/⚡ ETH 4连多 + BTC 2/3连多（强势延续）), 技术(BUY/上涨趋势 (ADX=33.52, +DI=29.41 > -DI=11.58): MACD加速上涨 0.3250 > 0.3150)
2026-01-06 15:20:05 | ETH_USDT | 价格: $3230.51 | 信号: BUY | 理由: 确认做多！数据库发出BUY信号，技术无反对: 数据库(BUY/⚡ ETH 4连多 + BTC 2/3连多（强势延续）), 技术(HOLD/上涨趋势 (ADX=33.38, +DI=29.25 > -DI=12.08): 上涨趋势稳健持有，无明确买入或卖出信号)
2026-01-06 15:21:21 | ETH_USDT | 价格: $3230.37 | 信号: BUY | 理由: 确认做多！数据库发出BUY信号，技术无反对: 数据库(BUY/⚡ ETH 4连多 + BTC 2/3连多（强势延续）), 技术(HOLD/上涨趋势 (ADX=33.36, +DI=29.22 > -DI=12.16): 上涨趋势稳健持有，无明确买入或卖出信号)
2026-01-06 15:22:34 | ETH_USDT | 价格: $3229.48 | 信号: BUY | 理由: 确认做多！数据库发出BUY信号，技术无反对: 数据库(BUY/⚡ ETH 4连多 + BTC 2/3连多（强势延续）), 技术(HOLD/上涨趋势 (ADX=33.22, +DI=29.06 > -DI=12.65): 上涨趋势稳健持有，无明确买入或卖出信号)
2026-01-06 15:23:47 | ETH_USDT | 价格: $3224.59 | 信号: BUY | 理由: 确认做多！数据库发出BUY信号，技术无反对: 数据库(BUY/⚡ ETH 4连多 + BTC 2/3连多（强势延续）), 技术(HOLD/上涨趋势 (ADX=32.74, +DI=28.45 > -DI=14.47): 上涨趋势稳健持有，无明确买入或卖出信号)
2026-01-06 15:25:00 | ETH_USDT | 价格: $3223.58 | 信号: BUY | 理由: 确认做多！数据库发出BUY信号，技术无反对: 数据库(BUY/⚡ ETH 4连多 + BTC 2/3连多（强势延续）), 技术(HOLD/上涨趋势 (ADX=32.65, +DI=28.34 > -DI=14.81): 上涨趋势稳健持有，无明确买入或卖出信号)
2026-01-06 15:26:14 | ETH_USDT | 价格: $3223.19 | 信号: BUY | 理由: 确认做多！数据库发出BUY信号，技术无反对: 数据库(BUY/⚡ ETH 4连多 + BTC 2/3连多（强势延续）), 技术(HOLD/上涨趋势 (ADX=32.60, +DI=28.27 > -DI=15.01): 上涨趋势稳健持有，无明确买入或卖出信号)
2026-01-06 15:27:28 | ETH_USDT | 价格: $3221.97 | 信号: SELL | 理由: 离场信号触发（数据库发出SELL）: 数据库(SELL/BTC最新3条连续空头), 技术(HOLD/上涨趋势 (ADX=32.48, +DI=28.12 > -DI=15.48): 上涨趋势稳健持有，无明确买入或卖出信号)
2026-01-06 15:28:47 | ETH_USDT | 价格: $3221.14 | 信号: SELL | 理由: 离场信号触发（数据库发出SELL）: 数据库(SELL/BTC最新3条连续空头), 技术(HOLD/上涨趋势 (ADX=32.40, +DI=28.01 > -DI=15.79): 上涨趋势稳健持有，无明确买入或卖出信号)
2026-01-06 15:30:00 | ETH_USDT | 价格: $3219.99 | 信号: SELL | 理由: 离场信号触发（数据库发出SELL）: 数据库(SELL/BTC最新3条连续空头), 技术(HOLD/上涨趋势 (ADX=32.30, +DI=27.87 > -DI=16.22): 上涨趋势稳健持有，无明确买入或卖出信号)
2026-01-06 15:31:13 | ETH_USDT | 价格: $3216.52 | 信号: SELL | 理由: 离场信号触发（数据库发出SELL）: 数据库(SELL/BTC最新3条连续空头), 技术(HOLD/上涨趋势 (ADX=33.27, +DI=30.36 > -DI=13.91): 上涨趋势稳健持有，无明确买入或卖出信号)
2026-01-06 15:32:26 | ETH_USDT | 价格: $3217.99 | 信号: SELL | 理由: 离场信号触发（数据库发出SELL）: 数据库(SELL/BTC最新3条连续空头), 技术(HOLD/上涨趋势 (ADX=33.27, +DI=30.36 > -DI=13.91): 上涨趋势稳健持有，无明确买入或卖出信号)
2026-01-06 15:33:39 | ETH_USDT | 价格: $3214.07 | 信号: SELL | 理由: 离场信号触发（数据库发出SELL）: 数据库(SELL/BTC最新3条连续空头), 技术(HOLD/上涨趋势 (ADX=33.07, +DI=30.09 > -DI=14.68): 上涨趋势稳健持有，无明确买入或卖出信号)
2026-01-06 15:34:52 | ETH_USDT | 价格: $3217.44 | 信号: SELL | 理由: 离场信号触发（数据库发出SELL）: 数据库(SELL/BTC最新3条连续空头), 技术(HOLD/上涨趋势 (ADX=33.07, +DI=30.09 > -DI=14.68): 上涨趋势稳健持有，无明确买入或卖出信号)
2026-01-06 15:36:04 | ETH_USDT | 价格: $3215.95 | 信号: SELL | 理由: 离场信号触发（数据库发出SELL）: 数据库(SELL/BTC最新3条连续空头), 技术(HOLD/上涨趋势 (ADX=33.07, +DI=30.09 > -DI=14.68): 上涨趋势稳健持有，无明确买入或卖出信号)
2026-01-06 15:37:17 | ETH_USDT | 价格: $3217.48 | 信号: SELL | 理由: 离场信号触发（数据库发出SELL）: 数据库(SELL/BTC最新3条连续空头), 技术(HOLD/上涨趋势 (ADX=33.07, +DI=30.09 > -DI=14.68): 上涨趋势稳健持有，无明确买入或卖出信号)
2026-01-06 15:38:31 | ETH_USDT | 价格: $3214.07 | 信号: SELL | 理由: 离场信号触发（数据库发出SELL）: 数据库(SELL/BTC最新3条连续空头), 技术(HOLD/上涨趋势 (ADX=33.07, +DI=30.09 > -DI=14.68): 上涨趋势稳健持有，无明确买入或卖出信号)
2026-01-06 15:39:43 | ETH_USDT | 价格: $3212.84 | 信号: SELL | 理由: 离场信号触发（数据库发出SELL）: 数据库(SELL/BTC最新3条连续空头), 技术(HOLD/上涨趋势 (ADX=32.93, +DI=29.89 > -DI=15.25): 上涨趋势稳健持有，无明确买入或卖出信号)
2026-01-06 15:40:56 | ETH_USDT | 价格: $3212.48 | 信号: SELL | 理由: 离场信号触发（数据库发出SELL）: 数据库(SELL/BTC最新3条连续空头), 技术(HOLD/上涨趋势 (ADX=32.90, +DI=29.85 > -DI=15.35): 上涨趋势稳健持有，无明确买入或卖出信号)
2026-01-06 15:42:10 | ETH_USDT | 价格: $3215.99 | 信号: SELL | 理由: 离场信号触发（数据库发出SELL）: 数据库(SELL/BTC最新3条连续空头), 技术(HOLD/上涨趋势 (ADX=32.90, +DI=29.85 > -DI=15.35): 上涨趋势稳健持有，无明确买入或卖出信号)
2026-01-06 15:43:24 | ETH_USDT | 价格: $3218.45 | 信号: SELL | 理由: 离场信号触发（数据库发出SELL）: 数据库(SELL/BTC最新3条连续空头), 技术(HOLD/上涨趋势 (ADX=32.90, +DI=29.85 > -DI=15.35): 上涨趋势稳健持有，无明确买入或卖出信号)
2026-01-06 15:44:37 | ETH_USDT | 价格: $3216.54 | 信号: SELL | 理由: 离场信号触发（数据库发出SELL）: 数据库(SELL/BTC最新3条连续空头), 技术(HOLD/上涨趋势 (ADX=32.90, +DI=29.85 > -DI=15.35): 上涨趋势稳健持有，无明确买入或卖出信号)
2026-01-06 15:45:50 | ETH_USDT | 价格: $3216.30 | 信号: SELL | 理由: 离场信号触发（数据库发出SELL）: 数据库(SELL/BTC最新3条连续空头), 技术(HOLD/上涨趋势 (ADX=32.90, +DI=29.85 > -DI=15.35): 上涨趋势稳健持有，无明确买入或卖出信号)
2026-01-06 15:47:03 | ETH_USDT | 价格: $3216.42 | 信号: SELL | 理由: 离场信号触发（数据库发出SELL）: 数据库(SELL/BTC最新3条连续空头), 技术(HOLD/上涨趋势 (ADX=32.90, +DI=29.85 > -DI=15.35): 上涨趋势稳健持有，无明确买入或卖出信号)
2026-01-06 15:48:16 | ETH_USDT | 价格: $3215.20 | 信号: SELL | 理由: 离场信号触发（数据库发出SELL）: 数据库(SELL/BTC最新3条连续空头), 技术(HOLD/上涨趋势 (ADX=32.90, +DI=29.85 > -DI=15.35): 上涨趋势稳健持有，无明确买入或卖出信号)
2026-01-06 15:49:30 | ETH_USDT | 价格: $3215.11 | 信号: SELL | 理由: 离场信号触发（数据库发出SELL）: 数据库(SELL/BTC最新3条连续空头), 技术(HOLD/上涨趋势 (ADX=32.90, +DI=29.85 > -DI=15.35): 上涨趋势稳健持有，无明确买入或卖出信号)
2026-01-06 15:50:44 | ETH_USDT | 价格: $3212.89 | 信号: SELL | 理由: 离场信号触发（数据库发出SELL）: 数据库(SELL/BTC最新3条连续空头), 技术(HOLD/上涨趋势 (ADX=32.90, +DI=29.85 > -DI=15.35): 上涨趋势稳健持有，无明确买入或卖出信号)
2026-01-06 15:51:56 | ETH_USDT | 价格: $3215.66 | 信号: SELL | 理由: 离场信号触发（数据库发出SELL）: 数据库(SELL/BTC最新3条连续空头), 技术(HOLD/上涨趋势 (ADX=32.90, +DI=29.85 > -DI=15.35): 上涨趋势稳健持有，无明确买入或卖出信号)
2026-01-06 15:53:36 | ETH_USDT | 价格: $3215.66 | 信号: SELL | 理由: 离场信号触发（数据库发出SELL）: 数据库(SELL/BTC最新3条连续空头), 技术(HOLD/上涨趋势 (ADX=32.90, +DI=29.85 > -DI=15.35): 上涨趋势稳健持有，无明确买入或卖出信号)
2026-01-06 15:55:38 | ETH_USDT | 价格: $3215.66 | 信号: HOLD | 理由: 双方均无明确信号，持有观望: 数据库(HOLD/数据库异常: Can't reconnect until invalid transaction is rolled back.  Please rollback() fully before proceeding (Background on this error at: https://sqlalche.me/e/20/8s2b)), 技术(HOLD/上涨趋势 (ADX=32.90, +DI=29.85 > -DI=15.35): 上涨趋势稳健持有，无明确买入或卖出信号)
2026-01-06 15:56:52 | ETH_USDT | 价格: $3218.55 | 信号: SELL | 理由: 离场信号触发（数据库发出SELL）: 数据库(SELL/BTC最新3条连续空头), 技术(HOLD/上涨趋势 (ADX=32.90, +DI=29.85 > -DI=15.35): 上涨趋势稳健持有，无明确买入或卖出信号)
2026-01-06 15:58:06 | ETH_USDT | 价格: $3218.47 | 信号: SELL | 理由: 离场信号触发（数据库发出SELL）: 数据库(SELL/BTC最新3条连续空头), 技术(HOLD/上涨趋势 (ADX=32.90, +DI=29.85 > -DI=15.35): 上涨趋势稳健持有，无明确买入或卖出信号)
2026-01-06 15:59:18 | ETH_USDT | 价格: $3218.26 | 信号: SELL | 理由: 离场信号触发（数据库发出SELL）: 数据库(SELL/BTC最新3条连续空头), 技术(HOLD/上涨趋势 (ADX=32.90, +DI=29.85 > -DI=15.35): 上涨趋势稳健持有，无明确买入或卖出信号)
2026-01-06 16:00:31 | ETH_USDT | 价格: $3220.09 | 信号: SELL | 理由: 离场信号触发（数据库发出SELL）: 数据库(SELL/BTC最新3条连续空头), 技术(HOLD/上涨趋势 (ADX=30.56, +DI=29.82 > -DI=17.53): 上涨趋势稳健持有，无明确买入或卖出信号)
2026-01-06 16:01:44 | ETH_USDT | 价格: $3218.50 | 信号: SELL | 理由: 离场信号触发（数据库发出SELL）: 数据库(SELL/BTC最新3条连续空头), 技术(HOLD/上涨趋势 (ADX=30.56, +DI=29.82 > -DI=17.53): 上涨趋势稳健持有，无明确买入或卖出信号)
2026-01-06 16:02:56 | ETH_USDT | 价格: $3221.30 | 信号: SELL | 理由: 离场信号触发（数据库发出SELL）: 数据库(SELL/BTC最新3条连续空头), 技术(HOLD/上涨趋势 (ADX=30.64, +DI=30.30 > -DI=17.41): 上涨趋势稳健持有，无明确买入或卖出信号)
2026-01-06 16:04:09 | ETH_USDT | 价格: $3220.62 | 信号: SELL | 理由: 离场信号触发（数据库发出SELL）: 数据库(SELL/BTC最新3条连续空头), 技术(HOLD/上涨趋势 (ADX=30.64, +DI=30.30 > -DI=17.41): 上涨趋势稳健持有，无明确买入或卖出信号)
2026-01-06 16:05:22 | ETH_USDT | 价格: $3221.95 | 信号: SELL | 理由: 离场信号触发（数据库发出SELL）: 数据库(SELL/BTC最新3条连续空头), 技术(HOLD/上涨趋势 (ADX=30.69, +DI=30.63 > -DI=17.33): 上涨趋势稳健持有，无明确买入或卖出信号)
2026-01-06 16:06:35 | ETH_USDT | 价格: $3225.49 | 信号: SELL | 理由: 离场信号触发（数据库发出SELL）: 数据库(SELL/ETH最新3条连续空头；BTC最新3条连续空头), 技术(HOLD/上涨趋势 (ADX=30.87, +DI=31.83 > -DI=17.03): 上涨趋势稳健持有，无明确买入或卖出信号)
2026-01-06 16:07:48 | ETH_USDT | 价格: $3225.93 | 信号: SELL | 理由: 离场信号触发（数据库发出SELL）: 数据库(SELL/ETH最新3条连续空头；BTC最新3条连续空头), 技术(HOLD/上涨趋势 (ADX=30.90, +DI=32.06 > -DI=16.97): 上涨趋势稳健持有，无明确买入或卖出信号)
2026-01-06 16:09:00 | ETH_USDT | 价格: $3225.15 | 信号: SELL | 理由: 离场信号触发（数据库发出SELL）: 数据库(SELL/ETH最新3条连续空头；BTC最新3条连续空头), 技术(HOLD/上涨趋势 (ADX=30.90, +DI=32.06 > -DI=16.97): 上涨趋势稳健持有，无明确买入或卖出信号)
2026-01-06 16:10:13 | ETH_USDT | 价格: $3225.10 | 信号: SELL | 理由: 离场信号触发（数据库发出SELL）: 数据库(SELL/ETH最新3条连续空头；BTC最新3条连续空头), 技术(HOLD/上涨趋势 (ADX=30.90, +DI=32.06 > -DI=16.97): 上涨趋势稳健持有，无明确买入或卖出信号)
2026-01-06 16:11:27 | ETH_USDT | 价格: $3224.75 | 信号: SELL | 理由: 离场信号触发（数据库发出SELL）: 数据库(SELL/ETH最新3条连续空头；BTC最新3条连续空头), 技术(HOLD/上涨趋势 (ADX=30.90, +DI=32.06 > -DI=16.97): 上涨趋势稳健持有，无明确买入或卖出信号)
2026-01-06 16:12:31 | ETH_USDT | 价格: $3222.18 | 信号: SELL | 理由: 离场信号触发（数据库发出SELL）: 数据库(SELL/ETH最新3条连续空头；BTC最新3条连续空头), 技术(HOLD/上涨趋势 (ADX=31.25, +DI=27.71 > -DI=15.23): 上涨趋势稳健持有，无明确买入或卖出信号)
2026-01-06 16:13:44 | ETH_USDT | 价格: $3222.48 | 信号: SELL | 理由: 离场信号触发（数据库发出SELL）: 数据库(SELL/ETH最新3条连续空头；BTC最新3条连续空头), 技术(HOLD/上涨趋势 (ADX=31.25, +DI=27.67 > -DI=15.21): 上涨趋势稳健持有，无明确买入或卖出信号)
2026-01-06 16:15:10 | ETH_USDT | 价格: $3220.92 | 信号: SELL | 理由: 离场信号触发（数据库发出SELL）: 数据库(SELL/ETH最新3条连续空头；BTC最新3条连续空头), 技术(HOLD/上涨趋势 (ADX=31.25, +DI=27.59 > -DI=15.16): 上涨趋势稳健持有，无明确买入或卖出信号)
2026-01-06 16:16:23 | ETH_USDT | 价格: $3218.27 | 信号: SELL | 理由: 离场信号触发（数据库发出SELL）: 数据库(SELL/ETH最新3条连续空头；BTC最新3条连续空头), 技术(HOLD/上涨趋势 (ADX=31.25, +DI=27.39 > -DI=15.05): 上涨趋势稳健持有，无明确买入或卖出信号)
2026-01-06 16:17:00 | ETH_USDT | 价格: $3219.65 | 信号: SELL | 理由: 离场信号触发（数据库发出SELL）: 数据库(SELL/ETH最新3条连续空头；BTC最新3条连续空头), 技术(HOLD/上涨趋势 (ADX=31.25, +DI=27.70 > -DI=15.22): 上涨趋势稳健持有，无明确买入或卖出信号)
